2025-05-16 12:23:15.109 INFO src.crawl_data.pet_crawl:start_scheduler:190 - Added Pet Crawler job (every 2 hours at xx:05) to scheduler
2025-05-16 12:23:15.109 INFO src.crawl_data.pet_crawl:start_scheduler:192 - Starting the scheduler...
2025-05-16 12:23:32.505 INFO src.crawl_data.pet_crawl:run_manual_crawl:216 - Starting manual crawl...
2025-05-16 12:23:32.505 INFO src.crawl_data.pet_crawl:run_manual_crawl:222 - Fetching pet data manually...
2025-05-16 12:23:33.359 INFO src.crawl_data.pet_crawl:fetch_pet_data:146 - Successfully fetched pet data
2025-05-16 12:23:33.386 INFO src.crawl_data.pet_crawl:save_pet_data:93 - Successfully saved new data. Total records: 50
2025-05-16 12:23:33.388 INFO src.crawl_data.pet_crawl:run_manual_crawl:227 - Manual crawl successful. Data fetched and potentially saved.
2025-05-16 12:23:33.389 INFO src.crawl_data.pet_crawl:run_manual_crawl:236 - Closing HTTP session.
2025-05-16 12:23:33.389 INFO src.crawl_data.pet_crawl:run_manual_crawl:238 - Manual crawl finished.
2025-05-16 12:23:43.011 INFO src.crawl_data.pet_crawl:run_manual_crawl:216 - Starting manual crawl...
2025-05-16 12:23:43.012 INFO src.crawl_data.pet_crawl:run_manual_crawl:222 - Fetching pet data manually...
2025-05-16 12:23:43.289 INFO src.crawl_data.pet_crawl:fetch_pet_data:146 - Successfully fetched pet data
2025-05-16 12:23:43.310 INFO src.crawl_data.pet_crawl:save_pet_data:93 - Successfully saved new data. Total records: 50
2025-05-16 12:23:43.311 INFO src.crawl_data.pet_crawl:run_manual_crawl:227 - Manual crawl successful. Data fetched and potentially saved.
2025-05-16 12:23:43.312 INFO src.crawl_data.pet_crawl:run_manual_crawl:236 - Closing HTTP session.
2025-05-16 12:23:43.313 INFO src.crawl_data.pet_crawl:run_manual_crawl:238 - Manual crawl finished.
2025-05-16 12:23:50.933 INFO src.crawl_data.pet_crawl:run_manual_crawl:216 - Starting manual crawl...
2025-05-16 12:23:50.933 INFO src.crawl_data.pet_crawl:run_manual_crawl:222 - Fetching pet data manually...
2025-05-16 12:23:51.211 INFO src.crawl_data.pet_crawl:fetch_pet_data:146 - Successfully fetched pet data
2025-05-16 12:23:51.232 INFO src.crawl_data.pet_crawl:save_pet_data:93 - Successfully saved new data. Total records: 50
2025-05-16 12:23:51.233 INFO src.crawl_data.pet_crawl:run_manual_crawl:227 - Manual crawl successful. Data fetched and potentially saved.
2025-05-16 12:23:51.233 INFO src.crawl_data.pet_crawl:run_manual_crawl:236 - Closing HTTP session.
2025-05-16 12:23:51.234 INFO src.crawl_data.pet_crawl:run_manual_crawl:238 - Manual crawl finished.
