2025-05-16 13:05:46.014 INFO src.crawl_data.pet_crawl:start_scheduler:201 - Added Pet Crawler job (every 3 minute) to scheduler
2025-05-16 13:05:46.017 INFO src.crawl_data.pet_crawl:start_scheduler:203 - Starting the scheduler...
2025-05-16 13:06:00.006 INFO src.crawl_data.pet_crawl:daily_job:179 - Running scheduled job at 2025-05-16 13:06:00
2025-05-16 13:06:01.850 INFO src.crawl_data.pet_crawl:fetch_pet_data:156 - Successfully fetched pet data
2025-05-16 13:06:02.542 INFO src.crawl_data.pet_crawl:save_pet_data:103 - Successfully saved new data. Total records: 50
2025-05-16 13:06:02.563 INFO src.crawl_data.pet_crawl:daily_job:183 - Pet data fetch completed successfully
2025-05-16 13:08:44.629 INFO src.crawl_data.pet_crawl:run_manual_crawl:227 - Starting manual crawl...
2025-05-16 13:08:45.467 INFO src.crawl_data.pet_crawl:run_manual_crawl:233 - Fetching pet data manually...
2025-05-16 13:08:55.602 INFO src.crawl_data.pet_crawl:fetch_pet_data:156 - Successfully fetched pet data
2025-05-16 13:08:57.422 INFO src.crawl_data.pet_crawl:save_pet_data:103 - Successfully saved new data. Total records: 50
2025-05-16 13:08:57.461 INFO src.crawl_data.pet_crawl:run_manual_crawl:238 - Manual crawl successful. Data fetched and potentially saved.
2025-05-16 13:08:57.464 INFO src.crawl_data.pet_crawl:run_manual_crawl:247 - Closing HTTP session.
2025-05-16 13:08:57.513 INFO src.crawl_data.pet_crawl:run_manual_crawl:249 - Manual crawl finished.
2025-05-16 13:09:00.244 INFO src.crawl_data.pet_crawl:daily_job:179 - Running scheduled job at 2025-05-16 13:09:00
2025-05-16 13:09:01.712 INFO src.crawl_data.pet_crawl:fetch_pet_data:156 - Successfully fetched pet data
2025-05-16 13:09:03.596 INFO src.crawl_data.pet_crawl:save_pet_data:103 - Successfully saved new data. Total records: 50
2025-05-16 13:09:04.244 INFO src.crawl_data.pet_crawl:daily_job:183 - Pet data fetch completed successfully
2025-05-16 13:12:00.076 INFO src.crawl_data.pet_crawl:daily_job:179 - Running scheduled job at 2025-05-16 13:12:00
2025-05-16 13:12:01.309 INFO src.crawl_data.pet_crawl:fetch_pet_data:156 - Successfully fetched pet data
2025-05-16 13:12:01.528 INFO src.crawl_data.pet_crawl:save_pet_data:103 - Successfully saved new data. Total records: 50
2025-05-16 13:12:01.531 INFO src.crawl_data.pet_crawl:daily_job:183 - Pet data fetch completed successfully
2025-05-16 13:15:00.006 INFO src.crawl_data.pet_crawl:daily_job:179 - Running scheduled job at 2025-05-16 13:15:00
2025-05-16 13:15:00.832 INFO src.crawl_data.pet_crawl:fetch_pet_data:156 - Successfully fetched pet data
2025-05-16 13:15:00.870 INFO src.crawl_data.pet_crawl:save_pet_data:103 - Successfully saved new data. Total records: 50
2025-05-16 13:15:00.874 INFO src.crawl_data.pet_crawl:daily_job:183 - Pet data fetch completed successfully
2025-05-16 13:18:00.269 INFO src.crawl_data.pet_crawl:daily_job:179 - Running scheduled job at 2025-05-16 13:18:00
2025-05-16 13:18:01.886 INFO src.crawl_data.pet_crawl:fetch_pet_data:156 - Successfully fetched pet data
2025-05-16 13:18:02.242 INFO src.crawl_data.pet_crawl:save_pet_data:103 - Successfully saved new data. Total records: 50
2025-05-16 13:18:02.257 INFO src.crawl_data.pet_crawl:daily_job:183 - Pet data fetch completed successfully
2025-05-16 13:21:00.127 INFO src.crawl_data.pet_crawl:daily_job:179 - Running scheduled job at 2025-05-16 13:21:00
2025-05-16 13:21:01.417 INFO src.crawl_data.pet_crawl:fetch_pet_data:156 - Successfully fetched pet data
2025-05-16 13:21:01.641 INFO src.crawl_data.pet_crawl:save_pet_data:103 - Successfully saved new data. Total records: 50
2025-05-16 13:21:01.653 INFO src.crawl_data.pet_crawl:daily_job:183 - Pet data fetch completed successfully
2025-05-16 13:24:00.067 INFO src.crawl_data.pet_crawl:daily_job:179 - Running scheduled job at 2025-05-16 13:24:00
2025-05-16 13:24:02.327 INFO src.crawl_data.pet_crawl:fetch_pet_data:156 - Successfully fetched pet data
2025-05-16 13:24:02.593 INFO src.crawl_data.pet_crawl:save_pet_data:103 - Successfully saved new data. Total records: 50
2025-05-16 13:24:02.599 INFO src.crawl_data.pet_crawl:daily_job:183 - Pet data fetch completed successfully
2025-05-16 13:27:00.015 INFO src.crawl_data.pet_crawl:daily_job:179 - Running scheduled job at 2025-05-16 13:27:00
2025-05-16 13:27:00.812 INFO src.crawl_data.pet_crawl:fetch_pet_data:156 - Successfully fetched pet data
2025-05-16 13:27:00.928 INFO src.crawl_data.pet_crawl:save_pet_data:103 - Successfully saved new data. Total records: 50
2025-05-16 13:27:00.932 INFO src.crawl_data.pet_crawl:daily_job:183 - Pet data fetch completed successfully
