2025-05-16 06:07:24.788 INFO src.crawl_data.pet_crawl:start_scheduler:190 - Added Pet Crawler job (every 2 hours at xx:05) to scheduler
2025-05-16 06:07:24.788 INFO src.crawl_data.pet_crawl:start_scheduler:192 - Starting the scheduler...
2025-05-16 06:08:07.188 INFO src.crawl_data.pet_crawl:run_manual_crawl:216 - Starting manual crawl...
2025-05-16 06:08:07.188 INFO src.crawl_data.pet_crawl:run_manual_crawl:222 - Fetching pet data manually...
2025-05-16 06:08:08.372 INFO src.crawl_data.pet_crawl:fetch_pet_data:146 - Successfully fetched pet data
2025-05-16 06:08:08.401 INFO src.crawl_data.pet_crawl:save_pet_data:93 - Successfully saved new data. Total records: 50
2025-05-16 06:08:08.404 INFO src.crawl_data.pet_crawl:run_manual_crawl:227 - Manual crawl successful. Data fetched and potentially saved.
2025-05-16 06:08:08.404 INFO src.crawl_data.pet_crawl:run_manual_crawl:236 - Closing HTTP session.
2025-05-16 06:08:08.405 INFO src.crawl_data.pet_crawl:run_manual_crawl:238 - Manual crawl finished.
2025-05-16 06:08:20.546 INFO src.crawl_data.pet_crawl:run_manual_crawl:216 - Starting manual crawl...
2025-05-16 06:08:20.547 INFO src.crawl_data.pet_crawl:run_manual_crawl:222 - Fetching pet data manually...
2025-05-16 06:08:20.769 INFO src.crawl_data.pet_crawl:run_manual_crawl:216 - Starting manual crawl...
2025-05-16 06:08:20.770 INFO src.crawl_data.pet_crawl:run_manual_crawl:222 - Fetching pet data manually...
2025-05-16 06:08:20.820 INFO src.crawl_data.pet_crawl:fetch_pet_data:146 - Successfully fetched pet data
2025-05-16 06:08:20.841 INFO src.crawl_data.pet_crawl:save_pet_data:93 - Successfully saved new data. Total records: 50
2025-05-16 06:08:20.842 INFO src.crawl_data.pet_crawl:run_manual_crawl:227 - Manual crawl successful. Data fetched and potentially saved.
2025-05-16 06:08:20.842 INFO src.crawl_data.pet_crawl:run_manual_crawl:236 - Closing HTTP session.
2025-05-16 06:08:20.843 INFO src.crawl_data.pet_crawl:run_manual_crawl:238 - Manual crawl finished.
2025-05-16 06:08:20.942 INFO src.crawl_data.pet_crawl:run_manual_crawl:216 - Starting manual crawl...
2025-05-16 06:08:20.943 INFO src.crawl_data.pet_crawl:run_manual_crawl:222 - Fetching pet data manually...
2025-05-16 06:08:21.047 INFO src.crawl_data.pet_crawl:fetch_pet_data:146 - Successfully fetched pet data
2025-05-16 06:08:21.067 INFO src.crawl_data.pet_crawl:save_pet_data:93 - Successfully saved new data. Total records: 50
2025-05-16 06:08:21.067 INFO src.crawl_data.pet_crawl:run_manual_crawl:227 - Manual crawl successful. Data fetched and potentially saved.
2025-05-16 06:08:21.068 INFO src.crawl_data.pet_crawl:run_manual_crawl:236 - Closing HTTP session.
2025-05-16 06:08:21.068 INFO src.crawl_data.pet_crawl:run_manual_crawl:238 - Manual crawl finished.
2025-05-16 06:08:21.117 INFO src.crawl_data.pet_crawl:run_manual_crawl:216 - Starting manual crawl...
2025-05-16 06:08:21.118 INFO src.crawl_data.pet_crawl:run_manual_crawl:222 - Fetching pet data manually...
2025-05-16 06:08:21.227 INFO src.crawl_data.pet_crawl:fetch_pet_data:146 - Successfully fetched pet data
2025-05-16 06:08:21.253 INFO src.crawl_data.pet_crawl:save_pet_data:93 - Successfully saved new data. Total records: 50
2025-05-16 06:08:21.256 INFO src.crawl_data.pet_crawl:run_manual_crawl:227 - Manual crawl successful. Data fetched and potentially saved.
2025-05-16 06:08:21.256 INFO src.crawl_data.pet_crawl:run_manual_crawl:236 - Closing HTTP session.
2025-05-16 06:08:21.257 INFO src.crawl_data.pet_crawl:run_manual_crawl:238 - Manual crawl finished.
2025-05-16 06:08:21.260 INFO src.crawl_data.pet_crawl:run_manual_crawl:216 - Starting manual crawl...
2025-05-16 06:08:21.261 INFO src.crawl_data.pet_crawl:run_manual_crawl:222 - Fetching pet data manually...
2025-05-16 06:08:21.397 INFO src.crawl_data.pet_crawl:fetch_pet_data:146 - Successfully fetched pet data
2025-05-16 06:08:21.422 INFO src.crawl_data.pet_crawl:save_pet_data:93 - Successfully saved new data. Total records: 50
2025-05-16 06:08:21.424 INFO src.crawl_data.pet_crawl:run_manual_crawl:227 - Manual crawl successful. Data fetched and potentially saved.
2025-05-16 06:08:21.424 INFO src.crawl_data.pet_crawl:run_manual_crawl:236 - Closing HTTP session.
2025-05-16 06:08:21.425 INFO src.crawl_data.pet_crawl:run_manual_crawl:238 - Manual crawl finished.
2025-05-16 06:08:21.536 INFO src.crawl_data.pet_crawl:fetch_pet_data:146 - Successfully fetched pet data
2025-05-16 06:08:21.563 INFO src.crawl_data.pet_crawl:save_pet_data:93 - Successfully saved new data. Total records: 50
2025-05-16 06:08:21.563 INFO src.crawl_data.pet_crawl:run_manual_crawl:227 - Manual crawl successful. Data fetched and potentially saved.
2025-05-16 06:08:21.564 INFO src.crawl_data.pet_crawl:run_manual_crawl:236 - Closing HTTP session.
2025-05-16 06:08:21.565 INFO src.crawl_data.pet_crawl:run_manual_crawl:238 - Manual crawl finished.
