2025-05-15 16:06:43.938 INFO __main__:start:255 - Starting Pet Data Ingestion service
2025-05-15 16:06:43.958 INFO __main__:load_pet_data:58 - Loaded 2 pet records
2025-05-15 16:06:43.964 INFO __main__:ingest:196 - Initial run - Last processed timestamp: 1747349663000
2025-05-15 16:06:43.965 INFO __main__:ingest:212 - Found 50 ad objects in the 'ads' list.
2025-05-15 16:06:43.966 INFO __main__:ingest:239 - Initial run - No new data to process
2025-05-15 16:06:43.967 INFO __main__:start:261 - Adding scheduled job for pet ingestion every 2 minutes
2025-05-15 16:08:44.005 INFO __main__:load_pet_data:58 - Loaded 2 pet records
2025-05-15 16:08:44.014 INFO __main__:ingest:198 - Checking for data newer than: 1747349663000
2025-05-15 16:08:44.015 INFO __main__:ingest:212 - Found 50 ad objects in the 'ads' list.
2025-05-15 16:08:44.016 INFO __main__:ingest:241 - No new data to process
2025-05-15 16:10:44.051 INFO __main__:load_pet_data:58 - Loaded 2 pet records
2025-05-15 16:10:44.060 INFO __main__:ingest:198 - Checking for data newer than: 1747349663000
2025-05-15 16:10:44.061 INFO __main__:ingest:212 - Found 50 ad objects in the 'ads' list.
2025-05-15 16:10:44.063 INFO __main__:ingest:224 - Found 1 new entries to process
2025-05-15 16:10:44.084 INFO __main__:send_to_api:160 - Sending bulk data with 1 entries
2025-05-15 16:10:44.329 INFO __main__:send_to_api:169 - Successfully saved 1 entries
2025-05-15 16:10:44.334 INFO __main__:ingest:234 - Successfully processed 1 new entries
2025-05-15 16:12:44.108 INFO __main__:load_pet_data:58 - Loaded 2 pet records
2025-05-15 16:12:44.118 INFO __main__:ingest:198 - Checking for data newer than: 1747350425000
2025-05-15 16:12:44.118 INFO __main__:ingest:212 - Found 50 ad objects in the 'ads' list.
2025-05-15 16:12:44.119 INFO __main__:ingest:241 - No new data to process
2025-05-15 16:14:44.050 INFO __main__:load_pet_data:58 - Loaded 2 pet records
2025-05-15 16:14:44.058 INFO __main__:ingest:198 - Checking for data newer than: 1747350425000
2025-05-15 16:14:44.059 INFO __main__:ingest:212 - Found 50 ad objects in the 'ads' list.
2025-05-15 16:14:44.060 INFO __main__:ingest:241 - No new data to process
2025-05-15 16:16:44.190 INFO __main__:load_pet_data:58 - Loaded 2 pet records
2025-05-15 16:16:44.201 INFO __main__:ingest:198 - Checking for data newer than: 1747350425000
2025-05-15 16:16:44.202 INFO __main__:ingest:212 - Found 50 ad objects in the 'ads' list.
2025-05-15 16:16:44.203 INFO __main__:ingest:241 - No new data to process
2025-05-15 16:18:44.085 INFO __main__:load_pet_data:58 - Loaded 2 pet records
2025-05-15 16:18:44.092 INFO __main__:ingest:198 - Checking for data newer than: 1747350425000
2025-05-15 16:18:44.092 INFO __main__:ingest:212 - Found 50 ad objects in the 'ads' list.
2025-05-15 16:18:44.093 INFO __main__:ingest:241 - No new data to process
2025-05-15 16:20:44.131 INFO __main__:load_pet_data:58 - Loaded 2 pet records
2025-05-15 16:20:44.146 INFO __main__:ingest:198 - Checking for data newer than: 1747350425000
2025-05-15 16:20:44.147 INFO __main__:ingest:212 - Found 50 ad objects in the 'ads' list.
2025-05-15 16:20:44.150 INFO __main__:ingest:241 - No new data to process
