2025-05-16 06:06:22.511 INFO __main__:start:255 - Starting Pet Data Ingestion service
2025-05-16 06:06:22.527 INFO __main__:load_pet_data:58 - Loaded 2 pet records
2025-05-16 06:06:22.532 INFO __main__:ingest:196 - Initial run - Last processed timestamp: 1747400605000
2025-05-16 06:06:22.533 INFO __main__:ingest:212 - Found 50 ad objects in the 'ads' list.
2025-05-16 06:06:22.533 INFO __main__:ingest:239 - Initial run - No new data to process
2025-05-16 06:06:22.534 INFO __main__:start:261 - Adding scheduled job for pet ingestion every 2 minutes
2025-05-16 06:08:22.574 INFO __main__:load_pet_data:58 - Loaded 2 pet records
2025-05-16 06:08:22.580 INFO __main__:ingest:198 - Checking for data newer than: 1747400605000
2025-05-16 06:08:22.581 INFO __main__:ingest:212 - Found 50 ad objects in the 'ads' list.
2025-05-16 06:08:22.582 INFO __main__:ingest:241 - No new data to process
2025-05-16 06:10:22.616 INFO __main__:load_pet_data:58 - Loaded 2 pet records
2025-05-16 06:10:22.622 INFO __main__:ingest:198 - Checking for data newer than: 1747400605000
2025-05-16 06:10:22.623 INFO __main__:ingest:212 - Found 50 ad objects in the 'ads' list.
2025-05-16 06:10:22.623 INFO __main__:ingest:224 - Found 2 new entries to process
2025-05-16 06:10:22.628 INFO __main__:send_to_api:160 - Sending bulk data with 2 entries
2025-05-16 06:10:22.753 INFO __main__:send_to_api:169 - Successfully saved 2 entries
2025-05-16 06:10:22.758 INFO __main__:ingest:234 - Successfully processed 2 new entries
2025-05-16 06:12:22.641 INFO __main__:load_pet_data:58 - Loaded 2 pet records
2025-05-16 06:12:22.648 INFO __main__:ingest:198 - Checking for data newer than: 1747400863000
2025-05-16 06:12:22.648 INFO __main__:ingest:212 - Found 50 ad objects in the 'ads' list.
2025-05-16 06:12:22.650 INFO __main__:ingest:241 - No new data to process
2025-05-16 06:14:22.653 INFO __main__:load_pet_data:58 - Loaded 2 pet records
2025-05-16 06:14:22.665 INFO __main__:ingest:198 - Checking for data newer than: 1747400863000
2025-05-16 06:14:22.666 INFO __main__:ingest:212 - Found 50 ad objects in the 'ads' list.
2025-05-16 06:14:22.667 INFO __main__:ingest:241 - No new data to process
