2025-05-16 06:53:50.017 INFO __main__:start:255 - Starting Pet Data Ingestion service
2025-05-16 06:53:50.037 INFO __main__:load_pet_data:58 - Loaded 2 pet records
2025-05-16 06:53:50.042 INFO __main__:ingest:196 - Initial run - Last processed timestamp: 1747403406000
2025-05-16 06:53:50.042 INFO __main__:ingest:212 - Found 50 ad objects in the 'ads' list.
2025-05-16 06:53:50.043 INFO __main__:ingest:239 - Initial run - No new data to process
2025-05-16 06:53:50.043 INFO __main__:start:261 - Adding scheduled job for pet ingestion every 2 minutes
2025-05-16 06:55:50.160 INFO __main__:load_pet_data:58 - Loaded 2 pet records
2025-05-16 06:55:50.166 INFO __main__:ingest:198 - Checking for data newer than: 1747403406000
2025-05-16 06:55:50.166 INFO __main__:ingest:212 - Found 50 ad objects in the 'ads' list.
2025-05-16 06:55:50.167 INFO __main__:ingest:224 - Found 1 new entries to process
2025-05-16 06:55:50.169 INFO __main__:send_to_api:160 - Sending bulk data with 1 entries
2025-05-16 06:55:50.199 INFO __main__:send_to_api:169 - Successfully saved 1 entries
2025-05-16 06:55:50.204 INFO __main__:ingest:234 - Successfully processed 1 new entries
2025-05-16 06:57:50.065 INFO __main__:load_pet_data:58 - Loaded 2 pet records
2025-05-16 06:57:50.071 INFO __main__:ingest:198 - Checking for data newer than: 1747403641000
2025-05-16 06:57:50.071 INFO __main__:ingest:212 - Found 50 ad objects in the 'ads' list.
2025-05-16 06:57:50.072 INFO __main__:ingest:241 - No new data to process
2025-05-16 06:59:50.148 INFO __main__:load_pet_data:58 - Loaded 2 pet records
2025-05-16 06:59:50.153 INFO __main__:ingest:198 - Checking for data newer than: 1747403641000
2025-05-16 06:59:50.154 INFO __main__:ingest:212 - Found 50 ad objects in the 'ads' list.
2025-05-16 06:59:50.155 INFO __main__:ingest:241 - No new data to process
2025-05-16 07:01:50.059 INFO __main__:load_pet_data:58 - Loaded 2 pet records
2025-05-16 07:01:50.065 INFO __main__:ingest:198 - Checking for data newer than: 1747403641000
2025-05-16 07:01:50.065 INFO __main__:ingest:212 - Found 50 ad objects in the 'ads' list.
2025-05-16 07:01:50.066 INFO __main__:ingest:224 - Found 1 new entries to process
2025-05-16 07:01:50.067 INFO __main__:send_to_api:160 - Sending bulk data with 1 entries
2025-05-16 07:01:50.087 INFO __main__:send_to_api:169 - Successfully saved 1 entries
2025-05-16 07:01:50.092 INFO __main__:ingest:234 - Successfully processed 1 new entries
2025-05-16 07:03:50.159 INFO __main__:load_pet_data:58 - Loaded 2 pet records
2025-05-16 07:03:50.165 INFO __main__:ingest:198 - Checking for data newer than: 1747403834000
2025-05-16 07:03:50.166 INFO __main__:ingest:212 - Found 50 ad objects in the 'ads' list.
2025-05-16 07:03:50.168 INFO __main__:ingest:224 - Found 5 new entries to process
2025-05-16 07:03:50.169 INFO __main__:send_to_api:160 - Sending bulk data with 5 entries
2025-05-16 07:03:50.207 INFO __main__:send_to_api:169 - Successfully saved 5 entries
2025-05-16 07:03:50.213 INFO __main__:ingest:234 - Successfully processed 5 new entries
2025-05-16 07:05:50.136 INFO __main__:load_pet_data:58 - Loaded 2 pet records
2025-05-16 07:05:50.143 INFO __main__:ingest:198 - Checking for data newer than: 1747404134000
2025-05-16 07:05:50.144 INFO __main__:ingest:212 - Found 50 ad objects in the 'ads' list.
2025-05-16 07:05:50.146 INFO __main__:ingest:241 - No new data to process
2025-05-16 07:07:50.148 INFO __main__:load_pet_data:58 - Loaded 2 pet records
2025-05-16 07:07:50.154 INFO __main__:ingest:198 - Checking for data newer than: 1747404134000
2025-05-16 07:07:50.154 INFO __main__:ingest:212 - Found 50 ad objects in the 'ads' list.
2025-05-16 07:07:50.155 INFO __main__:ingest:224 - Found 1 new entries to process
2025-05-16 07:07:50.157 INFO __main__:send_to_api:160 - Sending bulk data with 1 entries
2025-05-16 07:07:50.182 INFO __main__:send_to_api:169 - Successfully saved 1 entries
2025-05-16 07:07:50.187 INFO __main__:ingest:234 - Successfully processed 1 new entries
2025-05-16 07:09:50.120 INFO __main__:load_pet_data:58 - Loaded 2 pet records
2025-05-16 07:09:50.127 INFO __main__:ingest:198 - Checking for data newer than: 1747404317000
2025-05-16 07:09:50.127 INFO __main__:ingest:212 - Found 50 ad objects in the 'ads' list.
2025-05-16 07:09:50.128 INFO __main__:ingest:241 - No new data to process
2025-05-16 07:11:50.168 INFO __main__:load_pet_data:58 - Loaded 2 pet records
2025-05-16 07:11:50.180 INFO __main__:ingest:198 - Checking for data newer than: 1747404317000
2025-05-16 07:11:50.180 INFO __main__:ingest:212 - Found 50 ad objects in the 'ads' list.
2025-05-16 07:11:50.181 INFO __main__:ingest:241 - No new data to process
2025-05-16 07:15:50.179 INFO __main__:load_pet_data:58 - Loaded 2 pet records
2025-05-16 07:15:50.200 INFO __main__:ingest:198 - Checking for data newer than: 1747404317000
2025-05-16 07:15:50.201 INFO __main__:ingest:212 - Found 50 ad objects in the 'ads' list.
2025-05-16 07:15:50.203 INFO __main__:ingest:224 - Found 2 new entries to process
2025-05-16 07:15:50.207 INFO __main__:send_to_api:160 - Sending bulk data with 2 entries
2025-05-16 07:15:50.398 INFO __main__:send_to_api:169 - Successfully saved 2 entries
2025-05-16 07:15:50.404 INFO __main__:ingest:234 - Successfully processed 2 new entries
2025-05-16 07:17:50.167 INFO __main__:load_pet_data:58 - Loaded 2 pet records
2025-05-16 07:17:50.174 INFO __main__:ingest:198 - Checking for data newer than: 1747404727000
2025-05-16 07:17:50.175 INFO __main__:ingest:212 - Found 50 ad objects in the 'ads' list.
2025-05-16 07:17:50.176 INFO __main__:ingest:241 - No new data to process
2025-05-16 07:19:50.160 INFO __main__:load_pet_data:58 - Loaded 2 pet records
2025-05-16 07:19:50.169 INFO __main__:ingest:198 - Checking for data newer than: 1747404727000
2025-05-16 07:19:50.170 INFO __main__:ingest:212 - Found 50 ad objects in the 'ads' list.
2025-05-16 07:19:50.171 INFO __main__:ingest:224 - Found 1 new entries to process
2025-05-16 07:19:50.171 INFO __main__:send_to_api:160 - Sending bulk data with 1 entries
2025-05-16 07:19:50.233 INFO __main__:send_to_api:169 - Successfully saved 1 entries
2025-05-16 07:19:50.241 INFO __main__:ingest:234 - Successfully processed 1 new entries
2025-05-16 07:21:50.135 INFO __main__:load_pet_data:58 - Loaded 2 pet records
2025-05-16 07:21:50.141 INFO __main__:ingest:198 - Checking for data newer than: 1747404904000
2025-05-16 07:21:50.141 INFO __main__:ingest:212 - Found 50 ad objects in the 'ads' list.
2025-05-16 07:21:50.142 INFO __main__:ingest:241 - No new data to process
2025-05-16 07:23:50.130 INFO __main__:load_pet_data:58 - Loaded 2 pet records
2025-05-16 07:23:50.137 INFO __main__:ingest:198 - Checking for data newer than: 1747404904000
2025-05-16 07:23:50.137 INFO __main__:ingest:212 - Found 50 ad objects in the 'ads' list.
2025-05-16 07:23:50.138 INFO __main__:ingest:241 - No new data to process
2025-05-16 07:25:50.118 INFO __main__:load_pet_data:58 - Loaded 2 pet records
2025-05-16 07:25:50.126 INFO __main__:ingest:198 - Checking for data newer than: 1747404904000
2025-05-16 07:25:50.127 INFO __main__:ingest:212 - Found 50 ad objects in the 'ads' list.
2025-05-16 07:25:50.128 INFO __main__:ingest:224 - Found 2 new entries to process
2025-05-16 07:25:50.130 INFO __main__:send_to_api:160 - Sending bulk data with 2 entries
2025-05-16 07:25:50.194 INFO __main__:send_to_api:169 - Successfully saved 2 entries
2025-05-16 07:25:50.200 INFO __main__:ingest:234 - Successfully processed 2 new entries
2025-05-16 07:27:50.105 INFO __main__:load_pet_data:58 - Loaded 2 pet records
2025-05-16 07:27:50.113 INFO __main__:ingest:198 - Checking for data newer than: 1747405365000
2025-05-16 07:27:50.114 INFO __main__:ingest:212 - Found 50 ad objects in the 'ads' list.
2025-05-16 07:27:50.116 INFO __main__:ingest:241 - No new data to process
2025-05-16 07:29:50.302 INFO __main__:load_pet_data:58 - Loaded 2 pet records
2025-05-16 07:29:50.367 INFO __main__:ingest:198 - Checking for data newer than: 1747405365000
2025-05-16 07:29:50.372 INFO __main__:ingest:212 - Found 50 ad objects in the 'ads' list.
2025-05-16 07:29:50.381 INFO __main__:ingest:241 - No new data to process
2025-05-16 07:31:50.154 INFO __main__:load_pet_data:58 - Loaded 2 pet records
2025-05-16 07:31:50.163 INFO __main__:ingest:198 - Checking for data newer than: 1747405365000
2025-05-16 07:31:50.164 INFO __main__:ingest:212 - Found 50 ad objects in the 'ads' list.
2025-05-16 07:31:50.165 INFO __main__:ingest:224 - Found 2 new entries to process
2025-05-16 07:31:50.166 INFO __main__:send_to_api:160 - Sending bulk data with 2 entries
2025-05-16 07:31:50.307 INFO __main__:send_to_api:169 - Successfully saved 2 entries
2025-05-16 07:31:50.314 INFO __main__:ingest:234 - Successfully processed 2 new entries
2025-05-16 07:33:50.075 INFO __main__:load_pet_data:58 - Loaded 2 pet records
2025-05-16 07:33:50.084 INFO __main__:ingest:198 - Checking for data newer than: 1747405767000
2025-05-16 07:33:50.084 INFO __main__:ingest:212 - Found 50 ad objects in the 'ads' list.
2025-05-16 07:33:50.086 INFO __main__:ingest:224 - Found 2 new entries to process
2025-05-16 07:33:50.087 INFO __main__:send_to_api:160 - Sending bulk data with 2 entries
2025-05-16 07:33:50.138 INFO __main__:send_to_api:169 - Successfully saved 2 entries
2025-05-16 07:33:50.147 INFO __main__:ingest:234 - Successfully processed 2 new entries
2025-05-16 07:35:50.156 INFO __main__:load_pet_data:58 - Loaded 2 pet records
2025-05-16 07:35:50.164 INFO __main__:ingest:198 - Checking for data newer than: 1747405881000
2025-05-16 07:35:50.164 INFO __main__:ingest:212 - Found 50 ad objects in the 'ads' list.
2025-05-16 07:35:50.167 INFO __main__:ingest:241 - No new data to process
2025-05-16 07:51:50.138 INFO __main__:load_pet_data:58 - Loaded 2 pet records
2025-05-16 07:51:50.163 INFO __main__:ingest:198 - Checking for data newer than: 1747405881000
2025-05-16 07:51:50.164 INFO __main__:ingest:212 - Found 50 ad objects in the 'ads' list.
2025-05-16 07:51:50.168 INFO __main__:ingest:224 - Found 1 new entries to process
2025-05-16 07:51:50.170 INFO __main__:send_to_api:160 - Sending bulk data with 1 entries
2025-05-16 07:51:50.273 INFO __main__:send_to_api:169 - Successfully saved 1 entries
2025-05-16 07:51:50.281 INFO __main__:ingest:234 - Successfully processed 1 new entries
