2025-05-15 17:28:37.940 INFO __main__:start:255 - Starting Pet Data Ingestion service
2025-05-15 17:28:37.962 INFO __main__:load_pet_data:58 - Loaded 2 pet records
2025-05-15 17:28:37.967 INFO __main__:ingest:196 - Initial run - Last processed timestamp: 1747354738000
2025-05-15 17:28:37.968 INFO __main__:ingest:212 - Found 50 ad objects in the 'ads' list.
2025-05-15 17:28:37.968 INFO __main__:ingest:239 - Initial run - No new data to process
2025-05-15 17:28:37.969 INFO __main__:start:261 - Adding scheduled job for pet ingestion every 2 minutes
2025-05-15 17:30:38.088 INFO __main__:load_pet_data:58 - Loaded 2 pet records
2025-05-15 17:30:38.095 INFO __main__:ingest:198 - Checking for data newer than: 1747354738000
2025-05-15 17:30:38.096 INFO __main__:ingest:212 - Found 50 ad objects in the 'ads' list.
2025-05-15 17:30:38.096 INFO __main__:ingest:241 - No new data to process
2025-05-15 17:32:38.137 INFO __main__:load_pet_data:58 - Loaded 2 pet records
2025-05-15 17:32:38.147 INFO __main__:ingest:198 - Checking for data newer than: 1747354738000
2025-05-15 17:32:38.148 INFO __main__:ingest:212 - Found 50 ad objects in the 'ads' list.
2025-05-15 17:32:38.148 INFO __main__:ingest:241 - No new data to process
2025-05-15 17:34:38.068 INFO __main__:load_pet_data:58 - Loaded 2 pet records
2025-05-15 17:34:38.075 INFO __main__:ingest:198 - Checking for data newer than: 1747354738000
2025-05-15 17:34:38.076 INFO __main__:ingest:212 - Found 50 ad objects in the 'ads' list.
2025-05-15 17:34:38.077 INFO __main__:ingest:241 - No new data to process
2025-05-15 17:36:38.081 INFO __main__:load_pet_data:58 - Loaded 2 pet records
2025-05-15 17:36:38.087 INFO __main__:ingest:198 - Checking for data newer than: 1747354738000
2025-05-15 17:36:38.088 INFO __main__:ingest:212 - Found 50 ad objects in the 'ads' list.
2025-05-15 17:36:38.089 INFO __main__:ingest:224 - Found 1 new entries to process
2025-05-15 17:36:38.111 INFO __main__:send_to_api:160 - Sending bulk data with 1 entries
2025-05-15 17:36:38.439 INFO __main__:send_to_api:169 - Successfully saved 1 entries
2025-05-15 17:36:38.445 INFO __main__:ingest:234 - Successfully processed 1 new entries
2025-05-15 17:38:38.109 INFO __main__:load_pet_data:58 - Loaded 2 pet records
2025-05-15 17:38:38.114 INFO __main__:ingest:198 - Checking for data newer than: 1747355418000
2025-05-15 17:38:38.114 INFO __main__:ingest:212 - Found 50 ad objects in the 'ads' list.
2025-05-15 17:38:38.115 INFO __main__:ingest:241 - No new data to process
2025-05-15 17:40:38.084 INFO __main__:load_pet_data:58 - Loaded 2 pet records
2025-05-15 17:40:38.090 INFO __main__:ingest:198 - Checking for data newer than: 1747355418000
2025-05-15 17:40:38.090 INFO __main__:ingest:212 - Found 50 ad objects in the 'ads' list.
2025-05-15 17:40:38.091 INFO __main__:ingest:241 - No new data to process
2025-05-15 17:42:38.073 INFO __main__:load_pet_data:58 - Loaded 2 pet records
2025-05-15 17:42:38.084 INFO __main__:ingest:198 - Checking for data newer than: 1747355418000
2025-05-15 17:42:38.085 INFO __main__:ingest:212 - Found 50 ad objects in the 'ads' list.
2025-05-15 17:42:38.086 INFO __main__:ingest:241 - No new data to process
2025-05-15 17:44:38.078 INFO __main__:load_pet_data:58 - Loaded 2 pet records
2025-05-15 17:44:38.084 INFO __main__:ingest:198 - Checking for data newer than: 1747355418000
2025-05-15 17:44:38.085 INFO __main__:ingest:212 - Found 50 ad objects in the 'ads' list.
2025-05-15 17:44:38.086 INFO __main__:ingest:241 - No new data to process
